2016/11/14 21:09:52 INFO  - jmeter.util.JMeterUtils: Setting Locale to en_US 
2016/11/14 21:09:52 INFO  - jmeter.JMeter: Loading user properties from: /home/diogoap82/apache-jmeter-3.0/bin/user.properties 
2016/11/14 21:09:52 INFO  - jmeter.JMeter: Loading system properties from: /home/diogoap82/apache-jmeter-3.0/bin/system.properties 
2016/11/14 21:09:52 INFO  - jmeter.JMeter: Copyright (c) 1998-2016 The Apache Software Foundation 
2016/11/14 21:09:52 INFO  - jmeter.JMeter: Version 3.0 r1743807 
2016/11/14 21:09:52 INFO  - jmeter.JMeter: java.version=1.8.0_111 
2016/11/14 21:09:52 INFO  - jmeter.JMeter: java.vm.name=OpenJDK 64-Bit Server VM 
2016/11/14 21:09:52 INFO  - jmeter.JMeter: os.name=Linux 
2016/11/14 21:09:52 INFO  - jmeter.JMeter: os.arch=amd64 
2016/11/14 21:09:52 INFO  - jmeter.JMeter: os.version=4.4.0-45-generic 
2016/11/14 21:09:52 INFO  - jmeter.JMeter: file.encoding=UTF-8 
2016/11/14 21:09:52 INFO  - jmeter.JMeter: Max memory     =514850816 
2016/11/14 21:09:52 INFO  - jmeter.JMeter: Available Processors =8 
2016/11/14 21:09:52 INFO  - jmeter.JMeter: Default Locale=English (United States) 
2016/11/14 21:09:52 INFO  - jmeter.JMeter: JMeter  Locale=English (United States) 
2016/11/14 21:09:52 INFO  - jmeter.JMeter: JMeterHome=/home/diogoap82/apache-jmeter-3.0 
2016/11/14 21:09:52 INFO  - jmeter.JMeter: user.dir  =/home/diogoap82/api/nosql_tests 
2016/11/14 21:09:52 INFO  - jmeter.JMeter: PWD       =/home/diogoap82/api/nosql_tests 
2016/11/14 21:09:52 INFO  - jmeter.JMeter: IP: 10.138.0.2 Name: db-tests-server FullName: db-tests-server.c.dbtest-b027d.internal 
2016/11/14 21:09:52 INFO  - jmeter.services.FileServer: Default base='/home/diogoap82/api/nosql_tests' 
2016/11/14 21:09:52 INFO  - jmeter.services.FileServer: Set new base='/home/diogoap82/api/nosql_tests/tests' 
2016/11/14 21:09:52 INFO  - jmeter.save.SaveService: Testplan (JMX) version: 2.2. Testlog (JTL) version: 2.2 
2016/11/14 21:09:52 INFO  - jmeter.save.SaveService: Using SaveService properties file encoding UTF-8 
2016/11/14 21:09:52 INFO  - jmeter.save.SaveService: Using SaveService properties version 2.9 
2016/11/14 21:09:52 INFO  - jmeter.save.SaveService: All converter versions present and correct 
2016/11/14 21:09:52 INFO  - jmeter.save.SaveService: Loading file: /home/diogoap82/api/nosql_tests/tests/requests_delete.jmx 
2016/11/14 21:09:52 INFO  - jmeter.protocol.http.sampler.HTTPSamplerBase: Parser for text/html is org.apache.jmeter.protocol.http.parser.LagartoBasedHtmlParser 
2016/11/14 21:09:52 INFO  - jmeter.protocol.http.sampler.HTTPSamplerBase: Parser for application/xhtml+xml is org.apache.jmeter.protocol.http.parser.LagartoBasedHtmlParser 
2016/11/14 21:09:52 INFO  - jmeter.protocol.http.sampler.HTTPSamplerBase: Parser for application/xml is org.apache.jmeter.protocol.http.parser.LagartoBasedHtmlParser 
2016/11/14 21:09:52 INFO  - jmeter.protocol.http.sampler.HTTPSamplerBase: Parser for text/xml is org.apache.jmeter.protocol.http.parser.LagartoBasedHtmlParser 
2016/11/14 21:09:52 INFO  - jmeter.protocol.http.sampler.HTTPSamplerBase: Parser for text/vnd.wap.wml is org.apache.jmeter.protocol.http.parser.RegexpHTMLParser 
2016/11/14 21:09:52 INFO  - jmeter.protocol.http.sampler.HTTPSamplerBase: Parser for text/css is org.apache.jmeter.protocol.http.parser.CssParser 
2016/11/14 21:09:52 INFO  - jmeter.JMeter: Creating summariser <summary> 
2016/11/14 21:09:52 INFO  - jmeter.engine.StandardJMeterEngine: Running the test! 
2016/11/14 21:09:52 INFO  - jmeter.samplers.SampleEvent: List of sample_variables: [] 
2016/11/14 21:09:52 INFO  - jmeter.samplers.SampleEvent: List of sample_variables: [] 
2016/11/14 21:09:52 INFO  - jmeter.engine.util.CompoundVariable: Note: Function class names must contain the string: '.functions.' 
2016/11/14 21:09:52 INFO  - jmeter.engine.util.CompoundVariable: Note: Function class names must not contain the string: '.gui.' 
2016/11/14 21:09:52 INFO  - jmeter.JMeter: Running test (1479157792893) 
2016/11/14 21:09:52 INFO  - jmeter.engine.StandardJMeterEngine: Starting ThreadGroup: 1 : RethinkDB - DELETE 
2016/11/14 21:09:52 INFO  - jmeter.engine.StandardJMeterEngine: Starting 25 threads for group RethinkDB - DELETE. 
2016/11/14 21:09:52 INFO  - jmeter.engine.StandardJMeterEngine: Thread will continue on error 
2016/11/14 21:09:52 INFO  - jmeter.threads.ThreadGroup: Starting thread group number 1 threads 25 ramp-up 0 perThread 0.0 delayedStart=false 
2016/11/14 21:09:52 INFO  - jmeter.threads.JMeterThread: Thread started: RethinkDB - DELETE 1-3 
2016/11/14 21:09:52 INFO  - jmeter.threads.JMeterThread: Thread started: RethinkDB - DELETE 1-2 
2016/11/14 21:09:52 INFO  - jmeter.threads.JMeterThread: Thread started: RethinkDB - DELETE 1-1 
2016/11/14 21:09:52 INFO  - jmeter.threads.JMeterThread: Thread started: RethinkDB - DELETE 1-4 
2016/11/14 21:09:52 INFO  - jmeter.threads.JMeterThread: Thread started: RethinkDB - DELETE 1-5 
2016/11/14 21:09:52 INFO  - jmeter.threads.JMeterThread: Thread started: RethinkDB - DELETE 1-6 
2016/11/14 21:09:52 INFO  - jmeter.threads.JMeterThread: Thread started: RethinkDB - DELETE 1-7 
2016/11/14 21:09:52 INFO  - jmeter.threads.JMeterThread: Thread started: RethinkDB - DELETE 1-8 
2016/11/14 21:09:52 INFO  - jmeter.threads.JMeterThread: Thread started: RethinkDB - DELETE 1-9 
2016/11/14 21:09:52 INFO  - jmeter.threads.JMeterThread: Thread started: RethinkDB - DELETE 1-10 
2016/11/14 21:09:52 INFO  - jmeter.threads.JMeterThread: Thread started: RethinkDB - DELETE 1-11 
2016/11/14 21:09:52 INFO  - jmeter.threads.JMeterThread: Thread started: RethinkDB - DELETE 1-12 
2016/11/14 21:09:52 INFO  - jmeter.threads.JMeterThread: Thread started: RethinkDB - DELETE 1-13 
2016/11/14 21:09:52 INFO  - jmeter.threads.JMeterThread: Thread started: RethinkDB - DELETE 1-14 
2016/11/14 21:09:52 INFO  - jmeter.threads.JMeterThread: Thread started: RethinkDB - DELETE 1-15 
2016/11/14 21:09:52 INFO  - jmeter.threads.JMeterThread: Thread started: RethinkDB - DELETE 1-16 
2016/11/14 21:09:52 INFO  - jmeter.threads.JMeterThread: Thread started: RethinkDB - DELETE 1-17 
2016/11/14 21:09:52 INFO  - jmeter.threads.JMeterThread: Thread started: RethinkDB - DELETE 1-18 
2016/11/14 21:09:52 INFO  - jmeter.threads.JMeterThread: Thread started: RethinkDB - DELETE 1-19 
2016/11/14 21:09:52 INFO  - jmeter.threads.JMeterThread: Thread started: RethinkDB - DELETE 1-20 
2016/11/14 21:09:52 INFO  - jmeter.threads.JMeterThread: Thread started: RethinkDB - DELETE 1-21 
2016/11/14 21:09:52 INFO  - jmeter.threads.JMeterThread: Thread started: RethinkDB - DELETE 1-22 
2016/11/14 21:09:52 INFO  - jmeter.threads.JMeterThread: Thread started: RethinkDB - DELETE 1-23 
2016/11/14 21:09:52 INFO  - jmeter.threads.JMeterThread: Thread started: RethinkDB - DELETE 1-24 
2016/11/14 21:09:52 INFO  - jmeter.threads.ThreadGroup: Started thread group number 1 
2016/11/14 21:09:52 INFO  - jmeter.engine.StandardJMeterEngine: Waiting for thread group: RethinkDB - DELETE to finish before starting next group 
2016/11/14 21:09:52 INFO  - jmeter.threads.JMeterThread: Thread started: RethinkDB - DELETE 1-25 
2016/11/14 21:09:52 INFO  - jmeter.protocol.http.sampler.HTTPHCAbstractImpl: Local host = db-tests-server 
2016/11/14 21:09:52 INFO  - jmeter.protocol.http.sampler.HTTPHC4Impl: HTTP request retry count = 0 
2016/11/14 21:09:52 INFO  - jmeter.samplers.SampleResult: Note: Sample TimeStamps are START times 
2016/11/14 21:09:52 INFO  - jmeter.samplers.SampleResult: sampleresult.default.encoding is set to ISO-8859-1 
2016/11/14 21:09:52 INFO  - jmeter.samplers.SampleResult: sampleresult.useNanoTime=true 
2016/11/14 21:09:52 INFO  - jmeter.samplers.SampleResult: sampleresult.nanoThreadSleep=5000 
2016/11/14 21:09:53 INFO  - jmeter.threads.JMeterThread: Thread is done: RethinkDB - DELETE 1-21 
2016/11/14 21:09:53 INFO  - jmeter.threads.JMeterThread: Thread finished: RethinkDB - DELETE 1-21 
2016/11/14 21:09:53 INFO  - jmeter.threads.JMeterThread: Thread is done: RethinkDB - DELETE 1-19 
2016/11/14 21:09:53 INFO  - jmeter.threads.JMeterThread: Thread is done: RethinkDB - DELETE 1-12 
2016/11/14 21:09:53 INFO  - jmeter.threads.JMeterThread: Thread finished: RethinkDB - DELETE 1-12 
2016/11/14 21:09:53 INFO  - jmeter.threads.JMeterThread: Thread is done: RethinkDB - DELETE 1-23 
2016/11/14 21:09:53 INFO  - jmeter.threads.JMeterThread: Thread finished: RethinkDB - DELETE 1-23 
2016/11/14 21:09:53 INFO  - jmeter.threads.JMeterThread: Thread finished: RethinkDB - DELETE 1-19 
2016/11/14 21:09:53 INFO  - jmeter.threads.JMeterThread: Thread is done: RethinkDB - DELETE 1-15 
2016/11/14 21:09:53 INFO  - jmeter.threads.JMeterThread: Thread finished: RethinkDB - DELETE 1-15 
2016/11/14 21:09:53 INFO  - jmeter.threads.JMeterThread: Thread is done: RethinkDB - DELETE 1-25 
2016/11/14 21:09:53 INFO  - jmeter.threads.JMeterThread: Thread finished: RethinkDB - DELETE 1-25 
2016/11/14 21:09:53 INFO  - jmeter.threads.JMeterThread: Thread is done: RethinkDB - DELETE 1-20 
2016/11/14 21:09:53 INFO  - jmeter.threads.JMeterThread: Thread finished: RethinkDB - DELETE 1-20 
2016/11/14 21:09:53 INFO  - jmeter.threads.JMeterThread: Thread is done: RethinkDB - DELETE 1-2 
2016/11/14 21:09:53 INFO  - jmeter.threads.JMeterThread: Thread is done: RethinkDB - DELETE 1-18 
2016/11/14 21:09:53 INFO  - jmeter.threads.JMeterThread: Thread finished: RethinkDB - DELETE 1-18 
2016/11/14 21:09:53 INFO  - jmeter.threads.JMeterThread: Thread is done: RethinkDB - DELETE 1-3 
2016/11/14 21:09:53 INFO  - jmeter.threads.JMeterThread: Thread finished: RethinkDB - DELETE 1-2 
2016/11/14 21:09:53 INFO  - jmeter.threads.JMeterThread: Thread finished: RethinkDB - DELETE 1-3 
2016/11/14 21:09:53 INFO  - jmeter.threads.JMeterThread: Thread is done: RethinkDB - DELETE 1-14 
2016/11/14 21:09:53 INFO  - jmeter.threads.JMeterThread: Thread finished: RethinkDB - DELETE 1-14 
2016/11/14 21:09:53 INFO  - jmeter.threads.JMeterThread: Thread is done: RethinkDB - DELETE 1-1 
2016/11/14 21:09:53 INFO  - jmeter.threads.JMeterThread: Thread is done: RethinkDB - DELETE 1-8 
2016/11/14 21:09:53 INFO  - jmeter.threads.JMeterThread: Thread finished: RethinkDB - DELETE 1-1 
2016/11/14 21:09:53 INFO  - jmeter.threads.JMeterThread: Thread finished: RethinkDB - DELETE 1-8 
2016/11/14 21:09:53 INFO  - jmeter.threads.JMeterThread: Thread is done: RethinkDB - DELETE 1-9 
2016/11/14 21:09:53 INFO  - jmeter.threads.JMeterThread: Thread finished: RethinkDB - DELETE 1-9 
2016/11/14 21:09:53 INFO  - jmeter.threads.JMeterThread: Thread is done: RethinkDB - DELETE 1-13 
2016/11/14 21:09:53 INFO  - jmeter.threads.JMeterThread: Thread finished: RethinkDB - DELETE 1-13 
2016/11/14 21:09:53 INFO  - jmeter.threads.JMeterThread: Thread is done: RethinkDB - DELETE 1-24 
2016/11/14 21:09:53 INFO  - jmeter.threads.JMeterThread: Thread is done: RethinkDB - DELETE 1-10 
2016/11/14 21:09:53 INFO  - jmeter.threads.JMeterThread: Thread finished: RethinkDB - DELETE 1-10 
2016/11/14 21:09:53 INFO  - jmeter.threads.JMeterThread: Thread is done: RethinkDB - DELETE 1-7 
2016/11/14 21:09:53 INFO  - jmeter.threads.JMeterThread: Thread finished: RethinkDB - DELETE 1-7 
2016/11/14 21:09:53 INFO  - jmeter.threads.JMeterThread: Thread is done: RethinkDB - DELETE 1-22 
2016/11/14 21:09:53 INFO  - jmeter.threads.JMeterThread: Thread finished: RethinkDB - DELETE 1-22 
2016/11/14 21:09:53 INFO  - jmeter.threads.JMeterThread: Thread finished: RethinkDB - DELETE 1-24 
2016/11/14 21:09:53 INFO  - jmeter.threads.JMeterThread: Thread is done: RethinkDB - DELETE 1-6 
2016/11/14 21:09:53 INFO  - jmeter.threads.JMeterThread: Thread finished: RethinkDB - DELETE 1-6 
2016/11/14 21:09:53 INFO  - jmeter.threads.JMeterThread: Thread is done: RethinkDB - DELETE 1-16 
2016/11/14 21:09:53 INFO  - jmeter.threads.JMeterThread: Thread finished: RethinkDB - DELETE 1-16 
2016/11/14 21:09:53 INFO  - jmeter.threads.JMeterThread: Thread is done: RethinkDB - DELETE 1-17 
2016/11/14 21:09:53 INFO  - jmeter.threads.JMeterThread: Thread finished: RethinkDB - DELETE 1-17 
2016/11/14 21:09:53 INFO  - jmeter.threads.JMeterThread: Thread is done: RethinkDB - DELETE 1-11 
2016/11/14 21:09:53 INFO  - jmeter.threads.JMeterThread: Thread finished: RethinkDB - DELETE 1-11 
2016/11/14 21:09:53 INFO  - jmeter.threads.JMeterThread: Thread is done: RethinkDB - DELETE 1-5 
2016/11/14 21:09:53 INFO  - jmeter.threads.JMeterThread: Thread finished: RethinkDB - DELETE 1-5 
2016/11/14 21:09:53 INFO  - jmeter.threads.JMeterThread: Thread is done: RethinkDB - DELETE 1-4 
2016/11/14 21:09:53 INFO  - jmeter.threads.JMeterThread: Thread finished: RethinkDB - DELETE 1-4 
2016/11/14 21:09:53 INFO  - jmeter.engine.StandardJMeterEngine: Starting ThreadGroup: 2 : Couchbase - DELETE 
2016/11/14 21:09:53 INFO  - jmeter.engine.StandardJMeterEngine: Starting 25 threads for group Couchbase - DELETE. 
2016/11/14 21:09:53 INFO  - jmeter.engine.StandardJMeterEngine: Thread will continue on error 
2016/11/14 21:09:53 INFO  - jmeter.threads.ThreadGroup: Starting thread group number 2 threads 25 ramp-up 0 perThread 0.0 delayedStart=false 
2016/11/14 21:09:53 INFO  - jmeter.threads.JMeterThread: Thread started: Couchbase - DELETE 2-1 
2016/11/14 21:09:53 INFO  - jmeter.threads.JMeterThread: Thread started: Couchbase - DELETE 2-2 
2016/11/14 21:09:53 INFO  - jmeter.threads.JMeterThread: Thread started: Couchbase - DELETE 2-3 
2016/11/14 21:09:53 INFO  - jmeter.threads.JMeterThread: Thread started: Couchbase - DELETE 2-5 
2016/11/14 21:09:53 INFO  - jmeter.threads.JMeterThread: Thread started: Couchbase - DELETE 2-6 
2016/11/14 21:09:53 INFO  - jmeter.threads.JMeterThread: Thread started: Couchbase - DELETE 2-7 
2016/11/14 21:09:53 INFO  - jmeter.threads.JMeterThread: Thread started: Couchbase - DELETE 2-8 
2016/11/14 21:09:53 INFO  - jmeter.threads.JMeterThread: Thread started: Couchbase - DELETE 2-9 
2016/11/14 21:09:53 INFO  - jmeter.threads.JMeterThread: Thread started: Couchbase - DELETE 2-4 
2016/11/14 21:09:53 INFO  - jmeter.threads.JMeterThread: Thread started: Couchbase - DELETE 2-10 
2016/11/14 21:09:53 INFO  - jmeter.threads.JMeterThread: Thread started: Couchbase - DELETE 2-11 
2016/11/14 21:09:53 INFO  - jmeter.threads.JMeterThread: Thread started: Couchbase - DELETE 2-12 
2016/11/14 21:09:53 INFO  - jmeter.threads.JMeterThread: Thread started: Couchbase - DELETE 2-13 
2016/11/14 21:09:53 INFO  - jmeter.threads.JMeterThread: Thread started: Couchbase - DELETE 2-14 
2016/11/14 21:09:53 INFO  - jmeter.threads.JMeterThread: Thread started: Couchbase - DELETE 2-16 
2016/11/14 21:09:53 INFO  - jmeter.threads.JMeterThread: Thread started: Couchbase - DELETE 2-15 
2016/11/14 21:09:53 INFO  - jmeter.threads.JMeterThread: Thread started: Couchbase - DELETE 2-17 
2016/11/14 21:09:53 INFO  - jmeter.threads.JMeterThread: Thread started: Couchbase - DELETE 2-19 
2016/11/14 21:09:53 INFO  - jmeter.threads.JMeterThread: Thread started: Couchbase - DELETE 2-21 
2016/11/14 21:09:53 INFO  - jmeter.threads.JMeterThread: Thread started: Couchbase - DELETE 2-18 
2016/11/14 21:09:53 INFO  - jmeter.threads.JMeterThread: Thread started: Couchbase - DELETE 2-20 
2016/11/14 21:09:53 INFO  - jmeter.threads.JMeterThread: Thread started: Couchbase - DELETE 2-22 
2016/11/14 21:09:53 INFO  - jmeter.threads.JMeterThread: Thread started: Couchbase - DELETE 2-25 
2016/11/14 21:09:53 INFO  - jmeter.threads.ThreadGroup: Started thread group number 2 
2016/11/14 21:09:53 INFO  - jmeter.engine.StandardJMeterEngine: Waiting for thread group: Couchbase - DELETE to finish before starting next group 
2016/11/14 21:09:53 INFO  - jmeter.threads.JMeterThread: Thread started: Couchbase - DELETE 2-23 
2016/11/14 21:09:53 INFO  - jmeter.threads.JMeterThread: Thread started: Couchbase - DELETE 2-24 
2016/11/14 21:09:53 INFO  - jmeter.threads.JMeterThread: Thread is done: Couchbase - DELETE 2-2 
2016/11/14 21:09:53 INFO  - jmeter.threads.JMeterThread: Thread finished: Couchbase - DELETE 2-2 
2016/11/14 21:09:53 INFO  - jmeter.threads.JMeterThread: Thread is done: Couchbase - DELETE 2-1 
2016/11/14 21:09:53 INFO  - jmeter.threads.JMeterThread: Thread finished: Couchbase - DELETE 2-1 
2016/11/14 21:09:53 INFO  - jmeter.threads.JMeterThread: Thread is done: Couchbase - DELETE 2-5 
2016/11/14 21:09:53 INFO  - jmeter.threads.JMeterThread: Thread finished: Couchbase - DELETE 2-5 
2016/11/14 21:09:53 INFO  - jmeter.threads.JMeterThread: Thread is done: Couchbase - DELETE 2-10 
2016/11/14 21:09:53 INFO  - jmeter.threads.JMeterThread: Thread finished: Couchbase - DELETE 2-10 
2016/11/14 21:09:53 INFO  - jmeter.threads.JMeterThread: Thread is done: Couchbase - DELETE 2-6 
2016/11/14 21:09:53 INFO  - jmeter.threads.JMeterThread: Thread finished: Couchbase - DELETE 2-6 
2016/11/14 21:09:53 INFO  - jmeter.threads.JMeterThread: Thread is done: Couchbase - DELETE 2-7 
2016/11/14 21:09:53 INFO  - jmeter.threads.JMeterThread: Thread finished: Couchbase - DELETE 2-7 
2016/11/14 21:09:53 INFO  - jmeter.threads.JMeterThread: Thread is done: Couchbase - DELETE 2-8 
2016/11/14 21:09:53 INFO  - jmeter.threads.JMeterThread: Thread finished: Couchbase - DELETE 2-8 
2016/11/14 21:09:53 INFO  - jmeter.threads.JMeterThread: Thread is done: Couchbase - DELETE 2-3 
2016/11/14 21:09:53 INFO  - jmeter.threads.JMeterThread: Thread finished: Couchbase - DELETE 2-3 
2016/11/14 21:09:53 INFO  - jmeter.threads.JMeterThread: Thread is done: Couchbase - DELETE 2-16 
2016/11/14 21:09:53 INFO  - jmeter.threads.JMeterThread: Thread finished: Couchbase - DELETE 2-16 
2016/11/14 21:09:53 INFO  - jmeter.threads.JMeterThread: Thread is done: Couchbase - DELETE 2-13 
2016/11/14 21:09:53 INFO  - jmeter.threads.JMeterThread: Thread is done: Couchbase - DELETE 2-14 
2016/11/14 21:09:53 INFO  - jmeter.threads.JMeterThread: Thread finished: Couchbase - DELETE 2-14 
2016/11/14 21:09:53 INFO  - jmeter.threads.JMeterThread: Thread finished: Couchbase - DELETE 2-13 
2016/11/14 21:09:53 INFO  - jmeter.threads.JMeterThread: Thread is done: Couchbase - DELETE 2-11 
2016/11/14 21:09:53 INFO  - jmeter.threads.JMeterThread: Thread finished: Couchbase - DELETE 2-11 
2016/11/14 21:09:53 INFO  - jmeter.threads.JMeterThread: Thread is done: Couchbase - DELETE 2-9 
2016/11/14 21:09:53 INFO  - jmeter.threads.JMeterThread: Thread finished: Couchbase - DELETE 2-9 
2016/11/14 21:09:53 INFO  - jmeter.threads.JMeterThread: Thread is done: Couchbase - DELETE 2-12 
2016/11/14 21:09:53 INFO  - jmeter.threads.JMeterThread: Thread finished: Couchbase - DELETE 2-12 
2016/11/14 21:09:53 INFO  - jmeter.threads.JMeterThread: Thread is done: Couchbase - DELETE 2-15 
2016/11/14 21:09:53 INFO  - jmeter.threads.JMeterThread: Thread finished: Couchbase - DELETE 2-15 
2016/11/14 21:09:53 INFO  - jmeter.threads.JMeterThread: Thread is done: Couchbase - DELETE 2-4 
2016/11/14 21:09:53 INFO  - jmeter.threads.JMeterThread: Thread finished: Couchbase - DELETE 2-4 
2016/11/14 21:09:53 INFO  - jmeter.threads.JMeterThread: Thread is done: Couchbase - DELETE 2-17 
2016/11/14 21:09:53 INFO  - jmeter.threads.JMeterThread: Thread finished: Couchbase - DELETE 2-17 
2016/11/14 21:09:53 INFO  - jmeter.threads.JMeterThread: Thread is done: Couchbase - DELETE 2-21 
2016/11/14 21:09:53 INFO  - jmeter.threads.JMeterThread: Thread finished: Couchbase - DELETE 2-21 
2016/11/14 21:09:53 INFO  - jmeter.threads.JMeterThread: Thread is done: Couchbase - DELETE 2-19 
2016/11/14 21:09:53 INFO  - jmeter.threads.JMeterThread: Thread finished: Couchbase - DELETE 2-19 
2016/11/14 21:09:53 INFO  - jmeter.threads.JMeterThread: Thread is done: Couchbase - DELETE 2-24 
2016/11/14 21:09:53 INFO  - jmeter.threads.JMeterThread: Thread finished: Couchbase - DELETE 2-24 
2016/11/14 21:09:53 INFO  - jmeter.threads.JMeterThread: Thread is done: Couchbase - DELETE 2-20 
2016/11/14 21:09:53 INFO  - jmeter.threads.JMeterThread: Thread finished: Couchbase - DELETE 2-20 
2016/11/14 21:09:53 INFO  - jmeter.threads.JMeterThread: Thread is done: Couchbase - DELETE 2-18 
2016/11/14 21:09:53 INFO  - jmeter.threads.JMeterThread: Thread finished: Couchbase - DELETE 2-18 
2016/11/14 21:09:53 INFO  - jmeter.threads.JMeterThread: Thread is done: Couchbase - DELETE 2-23 
2016/11/14 21:09:53 INFO  - jmeter.threads.JMeterThread: Thread finished: Couchbase - DELETE 2-23 
2016/11/14 21:09:53 INFO  - jmeter.threads.JMeterThread: Thread is done: Couchbase - DELETE 2-25 
2016/11/14 21:09:53 INFO  - jmeter.threads.JMeterThread: Thread finished: Couchbase - DELETE 2-25 
2016/11/14 21:09:53 INFO  - jmeter.threads.JMeterThread: Thread is done: Couchbase - DELETE 2-22 
2016/11/14 21:09:53 INFO  - jmeter.threads.JMeterThread: Thread finished: Couchbase - DELETE 2-22 
2016/11/14 21:09:53 INFO  - jmeter.engine.StandardJMeterEngine: Starting ThreadGroup: 3 : MongoDB - DELETE 
2016/11/14 21:09:53 INFO  - jmeter.engine.StandardJMeterEngine: Starting 25 threads for group MongoDB - DELETE. 
2016/11/14 21:09:53 INFO  - jmeter.engine.StandardJMeterEngine: Thread will continue on error 
2016/11/14 21:09:53 INFO  - jmeter.threads.ThreadGroup: Starting thread group number 3 threads 25 ramp-up 0 perThread 0.0 delayedStart=false 
2016/11/14 21:09:53 INFO  - jmeter.threads.JMeterThread: Thread started: MongoDB - DELETE 3-1 
2016/11/14 21:09:53 INFO  - jmeter.threads.JMeterThread: Thread started: MongoDB - DELETE 3-2 
2016/11/14 21:09:53 INFO  - jmeter.threads.JMeterThread: Thread started: MongoDB - DELETE 3-3 
2016/11/14 21:09:53 INFO  - jmeter.threads.JMeterThread: Thread started: MongoDB - DELETE 3-5 
2016/11/14 21:09:53 INFO  - jmeter.threads.JMeterThread: Thread started: MongoDB - DELETE 3-4 
2016/11/14 21:09:53 INFO  - jmeter.threads.JMeterThread: Thread started: MongoDB - DELETE 3-6 
2016/11/14 21:09:53 INFO  - jmeter.threads.JMeterThread: Thread started: MongoDB - DELETE 3-7 
2016/11/14 21:09:53 INFO  - jmeter.threads.JMeterThread: Thread started: MongoDB - DELETE 3-9 
2016/11/14 21:09:53 INFO  - jmeter.threads.JMeterThread: Thread started: MongoDB - DELETE 3-13 
2016/11/14 21:09:53 INFO  - jmeter.threads.JMeterThread: Thread started: MongoDB - DELETE 3-10 
2016/11/14 21:09:53 INFO  - jmeter.threads.ThreadGroup: Started thread group number 3 
2016/11/14 21:09:53 INFO  - jmeter.engine.StandardJMeterEngine: All thread groups have been started 
2016/11/14 21:09:53 INFO  - jmeter.threads.JMeterThread: Thread started: MongoDB - DELETE 3-12 
2016/11/14 21:09:53 INFO  - jmeter.threads.JMeterThread: Thread started: MongoDB - DELETE 3-8 
2016/11/14 21:09:53 INFO  - jmeter.threads.JMeterThread: Thread started: MongoDB - DELETE 3-18 
2016/11/14 21:09:53 INFO  - jmeter.threads.JMeterThread: Thread started: MongoDB - DELETE 3-14 
2016/11/14 21:09:53 INFO  - jmeter.threads.JMeterThread: Thread started: MongoDB - DELETE 3-21 
2016/11/14 21:09:53 INFO  - jmeter.threads.JMeterThread: Thread started: MongoDB - DELETE 3-19 
2016/11/14 21:09:53 INFO  - jmeter.threads.JMeterThread: Thread started: MongoDB - DELETE 3-11 
2016/11/14 21:09:53 INFO  - jmeter.threads.JMeterThread: Thread started: MongoDB - DELETE 3-22 
2016/11/14 21:09:53 INFO  - jmeter.threads.JMeterThread: Thread started: MongoDB - DELETE 3-17 
2016/11/14 21:09:53 INFO  - jmeter.threads.JMeterThread: Thread started: MongoDB - DELETE 3-24 
2016/11/14 21:09:53 INFO  - jmeter.threads.JMeterThread: Thread started: MongoDB - DELETE 3-15 
2016/11/14 21:09:53 INFO  - jmeter.threads.JMeterThread: Thread started: MongoDB - DELETE 3-16 
2016/11/14 21:09:53 INFO  - jmeter.threads.JMeterThread: Thread started: MongoDB - DELETE 3-23 
2016/11/14 21:09:53 INFO  - jmeter.threads.JMeterThread: Thread started: MongoDB - DELETE 3-20 
2016/11/14 21:09:53 INFO  - jmeter.threads.JMeterThread: Thread started: MongoDB - DELETE 3-25 
2016/11/14 21:09:53 INFO  - jmeter.threads.JMeterThread: Thread is done: MongoDB - DELETE 3-1 
2016/11/14 21:09:53 INFO  - jmeter.threads.JMeterThread: Thread finished: MongoDB - DELETE 3-1 
2016/11/14 21:09:53 INFO  - jmeter.threads.JMeterThread: Thread is done: MongoDB - DELETE 3-5 
2016/11/14 21:09:53 INFO  - jmeter.threads.JMeterThread: Thread finished: MongoDB - DELETE 3-5 
2016/11/14 21:09:53 INFO  - jmeter.threads.JMeterThread: Thread is done: MongoDB - DELETE 3-2 
2016/11/14 21:09:53 INFO  - jmeter.threads.JMeterThread: Thread finished: MongoDB - DELETE 3-2 
2016/11/14 21:09:53 INFO  - jmeter.threads.JMeterThread: Thread is done: MongoDB - DELETE 3-3 
2016/11/14 21:09:53 INFO  - jmeter.threads.JMeterThread: Thread finished: MongoDB - DELETE 3-3 
2016/11/14 21:09:53 INFO  - jmeter.threads.JMeterThread: Thread is done: MongoDB - DELETE 3-7 
2016/11/14 21:09:53 INFO  - jmeter.threads.JMeterThread: Thread finished: MongoDB - DELETE 3-7 
2016/11/14 21:09:53 INFO  - jmeter.threads.JMeterThread: Thread is done: MongoDB - DELETE 3-6 
2016/11/14 21:09:53 INFO  - jmeter.threads.JMeterThread: Thread finished: MongoDB - DELETE 3-6 
2016/11/14 21:09:53 INFO  - jmeter.threads.JMeterThread: Thread is done: MongoDB - DELETE 3-4 
2016/11/14 21:09:53 INFO  - jmeter.threads.JMeterThread: Thread finished: MongoDB - DELETE 3-4 
2016/11/14 21:09:53 INFO  - jmeter.threads.JMeterThread: Thread is done: MongoDB - DELETE 3-13 
2016/11/14 21:09:53 INFO  - jmeter.threads.JMeterThread: Thread finished: MongoDB - DELETE 3-13 
2016/11/14 21:09:53 INFO  - jmeter.threads.JMeterThread: Thread is done: MongoDB - DELETE 3-12 
2016/11/14 21:09:53 INFO  - jmeter.threads.JMeterThread: Thread finished: MongoDB - DELETE 3-12 
2016/11/14 21:09:53 INFO  - jmeter.threads.JMeterThread: Thread is done: MongoDB - DELETE 3-8 
2016/11/14 21:09:53 INFO  - jmeter.threads.JMeterThread: Thread finished: MongoDB - DELETE 3-8 
2016/11/14 21:09:53 INFO  - jmeter.threads.JMeterThread: Thread is done: MongoDB - DELETE 3-18 
2016/11/14 21:09:53 INFO  - jmeter.threads.JMeterThread: Thread finished: MongoDB - DELETE 3-18 
2016/11/14 21:09:53 INFO  - jmeter.threads.JMeterThread: Thread is done: MongoDB - DELETE 3-17 
2016/11/14 21:09:53 INFO  - jmeter.threads.JMeterThread: Thread finished: MongoDB - DELETE 3-17 
2016/11/14 21:09:53 INFO  - jmeter.threads.JMeterThread: Thread is done: MongoDB - DELETE 3-10 
2016/11/14 21:09:53 INFO  - jmeter.threads.JMeterThread: Thread finished: MongoDB - DELETE 3-10 
2016/11/14 21:09:53 INFO  - jmeter.threads.JMeterThread: Thread is done: MongoDB - DELETE 3-14 
2016/11/14 21:09:53 INFO  - jmeter.threads.JMeterThread: Thread finished: MongoDB - DELETE 3-14 
2016/11/14 21:09:53 INFO  - jmeter.threads.JMeterThread: Thread is done: MongoDB - DELETE 3-21 
2016/11/14 21:09:53 INFO  - jmeter.threads.JMeterThread: Thread finished: MongoDB - DELETE 3-21 
2016/11/14 21:09:53 INFO  - jmeter.threads.JMeterThread: Thread is done: MongoDB - DELETE 3-9 
2016/11/14 21:09:53 INFO  - jmeter.threads.JMeterThread: Thread finished: MongoDB - DELETE 3-9 
2016/11/14 21:09:53 INFO  - jmeter.threads.JMeterThread: Thread is done: MongoDB - DELETE 3-11 
2016/11/14 21:09:53 INFO  - jmeter.threads.JMeterThread: Thread finished: MongoDB - DELETE 3-11 
2016/11/14 21:09:53 INFO  - jmeter.threads.JMeterThread: Thread is done: MongoDB - DELETE 3-19 
2016/11/14 21:09:53 INFO  - jmeter.threads.JMeterThread: Thread finished: MongoDB - DELETE 3-19 
2016/11/14 21:09:53 INFO  - jmeter.threads.JMeterThread: Thread is done: MongoDB - DELETE 3-16 
2016/11/14 21:09:53 INFO  - jmeter.threads.JMeterThread: Thread is done: MongoDB - DELETE 3-22 
2016/11/14 21:09:53 INFO  - jmeter.threads.JMeterThread: Thread finished: MongoDB - DELETE 3-16 
2016/11/14 21:09:53 INFO  - jmeter.threads.JMeterThread: Thread is done: MongoDB - DELETE 3-23 
2016/11/14 21:09:53 INFO  - jmeter.threads.JMeterThread: Thread finished: MongoDB - DELETE 3-22 
2016/11/14 21:09:53 INFO  - jmeter.threads.JMeterThread: Thread is done: MongoDB - DELETE 3-25 
2016/11/14 21:09:53 INFO  - jmeter.threads.JMeterThread: Thread finished: MongoDB - DELETE 3-25 
2016/11/14 21:09:53 INFO  - jmeter.threads.JMeterThread: Thread finished: MongoDB - DELETE 3-23 
2016/11/14 21:09:53 INFO  - jmeter.threads.JMeterThread: Thread is done: MongoDB - DELETE 3-15 
2016/11/14 21:09:53 INFO  - jmeter.threads.JMeterThread: Thread finished: MongoDB - DELETE 3-15 
2016/11/14 21:09:53 INFO  - jmeter.threads.JMeterThread: Thread is done: MongoDB - DELETE 3-20 
2016/11/14 21:09:53 INFO  - jmeter.threads.JMeterThread: Thread finished: MongoDB - DELETE 3-20 
2016/11/14 21:09:53 INFO  - jmeter.threads.JMeterThread: Thread is done: MongoDB - DELETE 3-24 
2016/11/14 21:09:53 INFO  - jmeter.threads.JMeterThread: Thread finished: MongoDB - DELETE 3-24 
2016/11/14 21:09:53 INFO  - jmeter.engine.StandardJMeterEngine: Notifying test listeners of end of test 
2016/11/14 21:09:53 INFO  - jmeter.reporters.Summariser: summary =   1500 in 00:00:01 = 1363.6/s Avg:    15 Min:     1 Max:   101 Err:     0 (0.00%) 
